INFO:sim:172 - Generating IP...
Resolving generics for 'fifo_mrc8192x3'...
Applying external generics to 'fifo_mrc8192x3'...
Delivering associated files for 'fifo_mrc8192x3'...
Delivering EJava files for 'fifo_mrc8192x3'...
Generating implementation netlist for 'fifo_mrc8192x3'...
INFO:sim - Pre-processing HDL files for 'fifo_mrc8192x3'...
WARNING:sim - BlackBox generator run option '-ifmt' found multiple times. Only
   the first occurence is considered.
Running synthesis for 'fifo_mrc8192x3'
Running ngcbuild...
Writing VEO instantiation template for 'fifo_mrc8192x3'...
Writing Verilog behavioral simulation model for 'fifo_mrc8192x3'...
WARNING:sim - Overwriting existing file
   D:/work/belyaev/test_ebcot_serial_aysnc_marco/ipcore_dir/tmp/_cg/fifo_mrc8192
   x3/doc/fifo_generator_v9_3_vinfo.html with file from view
   xilinx_documentation
Delivered 3 files into directory
D:/work/belyaev/test_ebcot_serial_aysnc_marco/ipcore_dir/tmp/_cg/fifo_mrc8192x3
Delivered 1 file into directory
D:/work/belyaev/test_ebcot_serial_aysnc_marco/ipcore_dir/tmp/_cg/fifo_mrc8192x3
Generating ASY schematic symbol...
INFO:sim:949 - Finished generation of ASY schematic symbol.
Generating SYM schematic symbol for 'fifo_mrc8192x3'...
Generating metadata file...
Generating ISE project file for 'fifo_mrc8192x3'...
Generating ISE project...
XCO file found: fifo_mrc8192x3.xco
XMDF file found: fifo_mrc8192x3_xmdf.tcl
Adding
D:/work/belyaev/test_ebcot_serial_aysnc_marco/ipcore_dir/tmp/_cg/fifo_mrc8192x3.
asy -view all -origin_type imported
Adding
D:/work/belyaev/test_ebcot_serial_aysnc_marco/ipcore_dir/tmp/_cg/fifo_mrc8192x3.
ngc -view all -origin_type created
Checking file
"D:/work/belyaev/test_ebcot_serial_aysnc_marco/ipcore_dir/tmp/_cg/fifo_mrc8192x3
.ngc" for project device match ...
File
"D:/work/belyaev/test_ebcot_serial_aysnc_marco/ipcore_dir/tmp/_cg/fifo_mrc8192x3
.ngc" device information matches project device.
Adding
D:/work/belyaev/test_ebcot_serial_aysnc_marco/ipcore_dir/tmp/_cg/fifo_mrc8192x3.
sym -view all -origin_type imported
Adding
D:/work/belyaev/test_ebcot_serial_aysnc_marco/ipcore_dir/tmp/_cg/fifo_mrc8192x3.
v -view all -origin_type created
INFO:HDLCompiler:1845 - Analyzing Verilog file
   "D:/work/belyaev/test_ebcot_serial_aysnc_marco/ipcore_dir/tmp/_cg/fifo_mrc819
   2x3.v" into library work
INFO:ProjectMgmt - Parsing design hierarchy completed successfully.
Adding
D:/work/belyaev/test_ebcot_serial_aysnc_marco/ipcore_dir/tmp/_cg/fifo_mrc8192x3.
veo -view all -origin_type imported
INFO:TclTasksC:2116 - The automatic calculation of top has been turned-off.
   Please set the new top explicitly by running the "project set top" command.
   To re-calculate the new top automatically, set the "Auto Implementation Top"
   property to true.
Top level has been set to "/fifo_mrc8192x3"
Generating README file...
Generating FLIST file...
INFO:sim:948 - Finished FLIST file generation.
Launching README viewer...
Moving files to output directory...
Finished moving files to output directory
Wrote CGP file for project 'fifo_mrc8192x3'.
